<?xml version="1.0" encoding="UTF-8"?>
<!-- Generated by org.testng.reporters.JUnitXMLReporter -->
<testsuite ignored="0" hostname="CO-IT014516" failures="2" tests="3" name="testngTest" time="33.602" errors="0" timestamp="2022-10-13T15:29:14 COT">
  <testcase classname="testng.auto.suite.Waits" name="explicitWait" time="3.425"/>
  <testcase classname="testng.auto.suite.Waits" name="fluenttWait" time="30.135">
    <failure type="org.openqa.selenium.TimeoutException" message="Expected condition failed: waiting for testng.auto.suite.Waits$1@29caf222 (tried for 30 second(s) with 5000 milliseconds interval)">
      <![CDATA[org.openqa.selenium.TimeoutException: Expected condition failed: waiting for testng.auto.suite.Waits$1@29caf222 (tried for 30 second(s) with 5000 milliseconds interval)
at org.openqa.selenium.support.ui.FluentWait.timeoutException(FluentWait.java:304)
at org.openqa.selenium.support.ui.FluentWait.until(FluentWait.java:272)
at testng.auto.suite.Waits.fluenttWait(Waits.java:64)
at java.base/java.util.ArrayList.forEach(ArrayList.java:1511)
Caused by: org.openqa.selenium.NoSuchElementException: no such element: Unable to locate element: {"method":"css selector","selector":"#foo"}
  (Session info: chrome=106.0.5249.103)
For documentation on this error, please visit: https://www.seleniumhq.org/exceptions/no_such_element.html
Build info: version: '3.141.59', revision: 'e82be7d358', time: '2018-11-14T08:17:03'
System info: host: 'CO-IT014516', ip: '10.131.6.11', os.name: 'Windows 10', os.arch: 'amd64', os.version: '10.0', java.version: '17.0.2'
Driver info: org.openqa.selenium.chrome.ChromeDriver
Capabilities {acceptInsecureCerts: false, browserName: chrome, browserVersion: 106.0.5249.103, chrome: {chromedriverVersion: 105.0.5195.52 (412c95e51883..., userDataDir: C:\Users\CANDY~1.GUE\AppDat...}, goog:chromeOptions: {debuggerAddress: localhost:56432}, javascriptEnabled: true, networkConnectionEnabled: false, pageLoadStrategy: normal, platform: WINDOWS, platformName: WINDOWS, proxy: Proxy(), setWindowRect: true, strictFileInteractability: false, timeouts: {implicit: 0, pageLoad: 300000, script: 30000}, unhandledPromptBehavior: dismiss and notify, webauthn:extension:credBlob: true, webauthn:extension:largeBlob: true, webauthn:virtualAuthenticators: true}
Session ID: e4e7bb35ac7b0951370caef46ef5e76f
*** Element info: {Using=id, value=foo}
at org.openqa.selenium.remote.http.W3CHttpResponseCodec.createException(W3CHttpResponseCodec.java:187)
at org.openqa.selenium.remote.http.W3CHttpResponseCodec.decode(W3CHttpResponseCodec.java:122)
at org.openqa.selenium.remote.http.W3CHttpResponseCodec.decode(W3CHttpResponseCodec.java:49)
at org.openqa.selenium.remote.HttpCommandExecutor.execute(HttpCommandExecutor.java:158)
at org.openqa.selenium.remote.service.DriverCommandExecutor.execute(DriverCommandExecutor.java:83)
at org.openqa.selenium.remote.RemoteWebDriver.execute(RemoteWebDriver.java:552)
at org.openqa.selenium.remote.RemoteWebDriver.findElement(RemoteWebDriver.java:323)
at org.openqa.selenium.remote.RemoteWebDriver.findElementById(RemoteWebDriver.java:372)
at org.openqa.selenium.By$ById.findElement(By.java:188)
at org.openqa.selenium.remote.RemoteWebDriver.findElement(RemoteWebDriver.java:315)
at testng.auto.suite.Waits$1.apply(Waits.java:66)
at testng.auto.suite.Waits$1.apply(Waits.java:1)
at org.openqa.selenium.support.ui.FluentWait.until(FluentWait.java:249)
... 29 more
... Removed 32 stack frames]]>
    </failure>
  </testcase> <!-- fluenttWait -->
  <testcase classname="testng.auto.suite.Waits" name="implicitWait" time="0.003">
    <failure type="java.lang.NullPointerException" message="Cannot invoke &amp;quot;java.util.concurrent.TimeUnit.toMillis(long)&amp;quot; because &amp;quot;sourceUnit&amp;quot; is null">
      <![CDATA[java.lang.NullPointerException: Cannot invoke "java.util.concurrent.TimeUnit.toMillis(long)" because "sourceUnit" is null
at java.base/java.util.concurrent.TimeUnit.convert(TimeUnit.java:189)
at org.openqa.selenium.remote.RemoteWebDriver$RemoteWebDriverOptions$RemoteTimeouts.implicitlyWait(RemoteWebDriver.java:781)
at testng.auto.suite.Waits.implicitWait(Waits.java:48)
at java.base/java.util.ArrayList.forEach(ArrayList.java:1511)
... Removed 27 stack frames]]>
    </failure>
  </testcase> <!-- implicitWait -->
</testsuite> <!-- testngTest -->
